[32m2025-03-11 13:36:25 +0000[0m - dagster - [34mDEBUG[0m - __ASSET_JOB - 44f2b444-077d-41b6-9798-9675874c9828 - 34380 - LOGS_CAPTURED - Started capturing logs in process (pid: 34380).
[32m2025-03-11 13:36:25 +0000[0m - dagster - [34mDEBUG[0m - __ASSET_JOB - 44f2b444-077d-41b6-9798-9675874c9828 - 34380 - dbtlearn_dbt_assets - STEP_START - Started execution of step "dbtlearn_dbt_assets".
[32m2025-03-11 13:36:25 +0000[0m - dagster - [34mINFO[0m - __ASSET_JOB - 44f2b444-077d-41b6-9798-9675874c9828 - dbtlearn_dbt_assets - A dbt subsetted execution is not being performed. Using the default dbt selection arguments `['--select', 'fqn:*']`.
INFO:dagster.builtin:__ASSET_JOB - 44f2b444-077d-41b6-9798-9675874c9828 - dbtlearn_dbt_assets - A dbt subsetted execution is not being performed. Using the default dbt selection arguments `['--select', 'fqn:*']`.
[32m2025-03-11 13:36:26 +0000[0m - dagster - [34mINFO[0m - __ASSET_JOB - 44f2b444-077d-41b6-9798-9675874c9828 - dbtlearn_dbt_assets - Copying `/workspaces/snow_dbt_airbnb/dbtlearn/target/partial_parse.msgpack` to `/workspaces/snow_dbt_airbnb/dbtlearn/target/dbtlearn_dbt_assets-44f2b44-0ae3165/partial_parse.msgpack` to take advantage of partial parsing.
INFO:dagster.builtin:__ASSET_JOB - 44f2b444-077d-41b6-9798-9675874c9828 - dbtlearn_dbt_assets - Copying `/workspaces/snow_dbt_airbnb/dbtlearn/target/partial_parse.msgpack` to `/workspaces/snow_dbt_airbnb/dbtlearn/target/dbtlearn_dbt_assets-44f2b44-0ae3165/partial_parse.msgpack` to take advantage of partial parsing.
[32m2025-03-11 13:36:26 +0000[0m - dagster - [34mINFO[0m - __ASSET_JOB - 44f2b444-077d-41b6-9798-9675874c9828 - dbtlearn_dbt_assets - Running dbt command: `dbt build --select fqn:*`.
INFO:dagster.builtin:__ASSET_JOB - 44f2b444-077d-41b6-9798-9675874c9828 - dbtlearn_dbt_assets - Running dbt command: `dbt build --select fqn:*`.
[32m2025-03-11 13:36:33 +0000[0m - dagster - [34mDEBUG[0m - __ASSET_JOB - 44f2b444-077d-41b6-9798-9675874c9828 - 34380 - dbtlearn_dbt_assets - STEP_OUTPUT - Yielded output "seed_full_moon_dates" of type "Nothing". (Type check passed).
[32m2025-03-11 13:36:33 +0000[0m - dagster - [34mDEBUG[0m - __ASSET_JOB - 44f2b444-077d-41b6-9798-9675874c9828 - 34380 - dbtlearn_dbt_assets - ASSET_MATERIALIZATION - Materialized value seed_full_moon_dates.
[32m2025-03-11 13:36:37 +0000[0m - dagster - [34mDEBUG[0m - __ASSET_JOB - 44f2b444-077d-41b6-9798-9675874c9828 - 34380 - dbtlearn_dbt_assets - STEP_OUTPUT - Yielded output "scd_raw_hosts" of type "Nothing". (Type check passed).
[32m2025-03-11 13:36:38 +0000[0m - dagster - [34mDEBUG[0m - __ASSET_JOB - 44f2b444-077d-41b6-9798-9675874c9828 - 34380 - dbtlearn_dbt_assets - ASSET_MATERIALIZATION - Materialized value scd_raw_hosts.
[32m2025-03-11 13:36:38 +0000[0m - dagster - [34mWARNING[0m - __ASSET_JOB - 44f2b444-077d-41b6-9798-9675874c9828 - dbtlearn_dbt_assets - Logging an `AssetObservation` instead of an `AssetCheckResult` for dbt test `dbt_expectations_source_expect_column_distinct_count_to_equal_airbnb_listings_room_type__4`.

This test was included in Dagster's asset check selection, and was likely executed due to dbt indirect selection.
WARNING:dagster.builtin:__ASSET_JOB - 44f2b444-077d-41b6-9798-9675874c9828 - dbtlearn_dbt_assets - Logging an `AssetObservation` instead of an `AssetCheckResult` for dbt test `dbt_expectations_source_expect_column_distinct_count_to_equal_airbnb_listings_room_type__4`.

This test was included in Dagster's asset check selection, and was likely executed due to dbt indirect selection.
[32m2025-03-11 13:36:38 +0000[0m - dagster - [34mDEBUG[0m - __ASSET_JOB - 44f2b444-077d-41b6-9798-9675874c9828 - 34380 - dbtlearn_dbt_assets - ASSET_OBSERVATION - DagsterEventType.ASSET_OBSERVATION for step dbtlearn_dbt_assets
[32m2025-03-11 13:36:38 +0000[0m - dagster - [34mWARNING[0m - __ASSET_JOB - 44f2b444-077d-41b6-9798-9675874c9828 - dbtlearn_dbt_assets - Logging an `AssetObservation` instead of an `AssetCheckResult` for dbt test `dbt_expectations_source_expect_column_values_to_match_regex_airbnb_listings_price___0_9_`.

This test was included in Dagster's asset check selection, and was likely executed due to dbt indirect selection.
WARNING:dagster.builtin:__ASSET_JOB - 44f2b444-077d-41b6-9798-9675874c9828 - dbtlearn_dbt_assets - Logging an `AssetObservation` instead of an `AssetCheckResult` for dbt test `dbt_expectations_source_expect_column_values_to_match_regex_airbnb_listings_price___0_9_`.

This test was included in Dagster's asset check selection, and was likely executed due to dbt indirect selection.
[32m2025-03-11 13:36:38 +0000[0m - dagster - [34mDEBUG[0m - __ASSET_JOB - 44f2b444-077d-41b6-9798-9675874c9828 - 34380 - dbtlearn_dbt_assets - ASSET_OBSERVATION - DagsterEventType.ASSET_OBSERVATION for step dbtlearn_dbt_assets
[32m2025-03-11 13:36:39 +0000[0m - dagster - [34mDEBUG[0m - __ASSET_JOB - 44f2b444-077d-41b6-9798-9675874c9828 - 34380 - dbtlearn_dbt_assets - STEP_OUTPUT - Yielded output "dim_hosts_cleansed" of type "Nothing". (Type check passed).
[32m2025-03-11 13:36:39 +0000[0m - dagster - [34mDEBUG[0m - __ASSET_JOB - 44f2b444-077d-41b6-9798-9675874c9828 - 34380 - dbtlearn_dbt_assets - ASSET_MATERIALIZATION - Materialized value dim_hosts_cleansed.
[32m2025-03-11 13:36:42 +0000[0m - dagster - [34mDEBUG[0m - __ASSET_JOB - 44f2b444-077d-41b6-9798-9675874c9828 - 34380 - dbtlearn_dbt_assets - STEP_OUTPUT - Yielded output "fct_reviews" of type "Nothing". (Type check passed).
[32m2025-03-11 13:36:42 +0000[0m - dagster - [34mDEBUG[0m - __ASSET_JOB - 44f2b444-077d-41b6-9798-9675874c9828 - 34380 - dbtlearn_dbt_assets - ASSET_MATERIALIZATION - Materialized value fct_reviews.
[32m2025-03-11 13:36:46 +0000[0m - dagster - [34mDEBUG[0m - __ASSET_JOB - 44f2b444-077d-41b6-9798-9675874c9828 - 34380 - dbtlearn_dbt_assets - STEP_OUTPUT - Yielded output "scd_raw_listings" of type "Nothing". (Type check passed).
[32m2025-03-11 13:36:46 +0000[0m - dagster - [34mDEBUG[0m - __ASSET_JOB - 44f2b444-077d-41b6-9798-9675874c9828 - 34380 - dbtlearn_dbt_assets - ASSET_MATERIALIZATION - Materialized value scd_raw_listings.
[32m2025-03-11 13:36:46 +0000[0m - dagster - [34mDEBUG[0m - __ASSET_JOB - 44f2b444-077d-41b6-9798-9675874c9828 - 34380 - dbtlearn_dbt_assets - ASSET_CHECK_EVALUATION - DagsterEventType.ASSET_CHECK_EVALUATION for step dbtlearn_dbt_assets
[32m2025-03-11 13:36:46 +0000[0m - dagster - [34mDEBUG[0m - __ASSET_JOB - 44f2b444-077d-41b6-9798-9675874c9828 - 34380 - dbtlearn_dbt_assets - STEP_OUTPUT - Yielded output "dim_hosts_cleansed_accepted_values_dim_hosts_cleansed_is_superhost__t__f" of type "Any". (Type check passed).
[32m2025-03-11 13:36:46 +0000[0m - dagster - [34mDEBUG[0m - __ASSET_JOB - 44f2b444-077d-41b6-9798-9675874c9828 - 34380 - dbtlearn_dbt_assets - ASSET_CHECK_EVALUATION - DagsterEventType.ASSET_CHECK_EVALUATION for step dbtlearn_dbt_assets
[32m2025-03-11 13:36:46 +0000[0m - dagster - [34mDEBUG[0m - __ASSET_JOB - 44f2b444-077d-41b6-9798-9675874c9828 - 34380 - dbtlearn_dbt_assets - STEP_OUTPUT - Yielded output "dim_hosts_cleansed_not_null_dim_hosts_cleansed_host_id" of type "Any". (Type check passed).
[32m2025-03-11 13:36:47 +0000[0m - dagster - [34mDEBUG[0m - __ASSET_JOB - 44f2b444-077d-41b6-9798-9675874c9828 - 34380 - dbtlearn_dbt_assets - ASSET_CHECK_EVALUATION - DagsterEventType.ASSET_CHECK_EVALUATION for step dbtlearn_dbt_assets
[32m2025-03-11 13:36:47 +0000[0m - dagster - [34mDEBUG[0m - __ASSET_JOB - 44f2b444-077d-41b6-9798-9675874c9828 - 34380 - dbtlearn_dbt_assets - STEP_OUTPUT - Yielded output "dim_hosts_cleansed_not_null_dim_hosts_cleansed_host_name" of type "Any". (Type check passed).
[32m2025-03-11 13:36:47 +0000[0m - dagster - [34mDEBUG[0m - __ASSET_JOB - 44f2b444-077d-41b6-9798-9675874c9828 - 34380 - dbtlearn_dbt_assets - ASSET_CHECK_EVALUATION - DagsterEventType.ASSET_CHECK_EVALUATION for step dbtlearn_dbt_assets
[32m2025-03-11 13:36:47 +0000[0m - dagster - [34mDEBUG[0m - __ASSET_JOB - 44f2b444-077d-41b6-9798-9675874c9828 - 34380 - dbtlearn_dbt_assets - STEP_OUTPUT - Yielded output "dim_hosts_cleansed_unique_dim_hosts_cleansed_host_id" of type "Any". (Type check passed).
[32m2025-03-11 13:36:47 +0000[0m - dagster - [34mDEBUG[0m - __ASSET_JOB - 44f2b444-077d-41b6-9798-9675874c9828 - 34380 - dbtlearn_dbt_assets - ASSET_CHECK_EVALUATION - DagsterEventType.ASSET_CHECK_EVALUATION for step dbtlearn_dbt_assets
[32m2025-03-11 13:36:47 +0000[0m - dagster - [34mDEBUG[0m - __ASSET_JOB - 44f2b444-077d-41b6-9798-9675874c9828 - 34380 - dbtlearn_dbt_assets - STEP_OUTPUT - Yielded output "fct_reviews_accepted_values_fct_reviews_review_sentiment__positive__neutral__negative" of type "Any". (Type check passed).
[32m2025-03-11 13:36:47 +0000[0m - dagster - [34mDEBUG[0m - __ASSET_JOB - 44f2b444-077d-41b6-9798-9675874c9828 - 34380 - dbtlearn_dbt_assets - ASSET_CHECK_EVALUATION - DagsterEventType.ASSET_CHECK_EVALUATION for step dbtlearn_dbt_assets
[32m2025-03-11 13:36:47 +0000[0m - dagster - [34mDEBUG[0m - __ASSET_JOB - 44f2b444-077d-41b6-9798-9675874c9828 - 34380 - dbtlearn_dbt_assets - STEP_OUTPUT - Yielded output "fct_reviews_not_null_fct_reviews_reviewer_name" of type "Any". (Type check passed).
[32m2025-03-11 13:36:48 +0000[0m - dagster - [34mDEBUG[0m - __ASSET_JOB - 44f2b444-077d-41b6-9798-9675874c9828 - 34380 - dbtlearn_dbt_assets - STEP_OUTPUT - Yielded output "dim_listings_cleansed" of type "Nothing". (Type check passed).
[32m2025-03-11 13:36:48 +0000[0m - dagster - [34mDEBUG[0m - __ASSET_JOB - 44f2b444-077d-41b6-9798-9675874c9828 - 34380 - dbtlearn_dbt_assets - ASSET_MATERIALIZATION - Materialized value dim_listings_cleansed.
[32m2025-03-11 13:36:48 +0000[0m - dagster - [34mDEBUG[0m - __ASSET_JOB - 44f2b444-077d-41b6-9798-9675874c9828 - 34380 - dbtlearn_dbt_assets - ASSET_CHECK_EVALUATION - DagsterEventType.ASSET_CHECK_EVALUATION for step dbtlearn_dbt_assets
[32m2025-03-11 13:36:48 +0000[0m - dagster - [34mDEBUG[0m - __ASSET_JOB - 44f2b444-077d-41b6-9798-9675874c9828 - 34380 - dbtlearn_dbt_assets - STEP_OUTPUT - Yielded output "dim_listings_cleansed_accepted_values_dim_listings_cleansed_room_type__Entire_home_apt__Private_room__Shared_room__Hotel_room" of type "Any". (Type check passed).
[32m2025-03-11 13:36:49 +0000[0m - dagster - [34mWARNING[0m - __ASSET_JOB - 44f2b444-077d-41b6-9798-9675874c9828 - dbtlearn_dbt_assets - Logging an `AssetObservation` instead of an `AssetCheckResult` for dbt test `consistent_created_at`.

`consistent_created_at` is a singular test with multiple dependencies. Configure an asset key in the test's dbt meta to load it as an asset check.

This test was included in Dagster's asset check selection, and was likely executed due to dbt indirect selection.
WARNING:dagster.builtin:__ASSET_JOB - 44f2b444-077d-41b6-9798-9675874c9828 - dbtlearn_dbt_assets - Logging an `AssetObservation` instead of an `AssetCheckResult` for dbt test `consistent_created_at`.

`consistent_created_at` is a singular test with multiple dependencies. Configure an asset key in the test's dbt meta to load it as an asset check.

This test was included in Dagster's asset check selection, and was likely executed due to dbt indirect selection.
[32m2025-03-11 13:36:49 +0000[0m - dagster - [34mDEBUG[0m - __ASSET_JOB - 44f2b444-077d-41b6-9798-9675874c9828 - 34380 - dbtlearn_dbt_assets - ASSET_OBSERVATION - DagsterEventType.ASSET_OBSERVATION for step dbtlearn_dbt_assets
[32m2025-03-11 13:36:49 +0000[0m - dagster - [34mDEBUG[0m - __ASSET_JOB - 44f2b444-077d-41b6-9798-9675874c9828 - 34380 - dbtlearn_dbt_assets - ASSET_OBSERVATION - DagsterEventType.ASSET_OBSERVATION for step dbtlearn_dbt_assets
[32m2025-03-11 13:36:49 +0000[0m - dagster - [34mDEBUG[0m - __ASSET_JOB - 44f2b444-077d-41b6-9798-9675874c9828 - 34380 - dbtlearn_dbt_assets - ASSET_CHECK_EVALUATION - DagsterEventType.ASSET_CHECK_EVALUATION for step dbtlearn_dbt_assets
[32m2025-03-11 13:36:49 +0000[0m - dagster - [34mDEBUG[0m - __ASSET_JOB - 44f2b444-077d-41b6-9798-9675874c9828 - 34380 - dbtlearn_dbt_assets - STEP_OUTPUT - Yielded output "dim_listings_cleansed_dim_listings_minimum_nights" of type "Any". (Type check passed).
[32m2025-03-11 13:36:50 +0000[0m - dagster - [34mDEBUG[0m - __ASSET_JOB - 44f2b444-077d-41b6-9798-9675874c9828 - 34380 - dbtlearn_dbt_assets - ASSET_CHECK_EVALUATION - DagsterEventType.ASSET_CHECK_EVALUATION for step dbtlearn_dbt_assets
[32m2025-03-11 13:36:50 +0000[0m - dagster - [34mDEBUG[0m - __ASSET_JOB - 44f2b444-077d-41b6-9798-9675874c9828 - 34380 - dbtlearn_dbt_assets - STEP_OUTPUT - Yielded output "dim_listings_cleansed_no_nulls_dim_listings" of type "Any". (Type check passed).
[32m2025-03-11 13:36:50 +0000[0m - dagster - [34mDEBUG[0m - __ASSET_JOB - 44f2b444-077d-41b6-9798-9675874c9828 - 34380 - dbtlearn_dbt_assets - ASSET_CHECK_EVALUATION - DagsterEventType.ASSET_CHECK_EVALUATION for step dbtlearn_dbt_assets
[32m2025-03-11 13:36:50 +0000[0m - dagster - [34mDEBUG[0m - __ASSET_JOB - 44f2b444-077d-41b6-9798-9675874c9828 - 34380 - dbtlearn_dbt_assets - STEP_OUTPUT - Yielded output "dim_listings_cleansed_not_null_dim_listings_cleansed_host_id" of type "Any". (Type check passed).
[32m2025-03-11 13:36:50 +0000[0m - dagster - [34mDEBUG[0m - __ASSET_JOB - 44f2b444-077d-41b6-9798-9675874c9828 - 34380 - dbtlearn_dbt_assets - ASSET_CHECK_EVALUATION - DagsterEventType.ASSET_CHECK_EVALUATION for step dbtlearn_dbt_assets
[32m2025-03-11 13:36:50 +0000[0m - dagster - [34mDEBUG[0m - __ASSET_JOB - 44f2b444-077d-41b6-9798-9675874c9828 - 34380 - dbtlearn_dbt_assets - STEP_OUTPUT - Yielded output "dim_listings_cleansed_not_null_dim_listings_cleansed_listing_id" of type "Any". (Type check passed).
[32m2025-03-11 13:36:50 +0000[0m - dagster - [34mDEBUG[0m - __ASSET_JOB - 44f2b444-077d-41b6-9798-9675874c9828 - 34380 - dbtlearn_dbt_assets - ASSET_CHECK_EVALUATION - DagsterEventType.ASSET_CHECK_EVALUATION for step dbtlearn_dbt_assets
[32m2025-03-11 13:36:50 +0000[0m - dagster - [34mDEBUG[0m - __ASSET_JOB - 44f2b444-077d-41b6-9798-9675874c9828 - 34380 - dbtlearn_dbt_assets - STEP_OUTPUT - Yielded output "dim_listings_cleansed_positive_value_dim_listings_cleansed_minimum_nights" of type "Any". (Type check passed).
[32m2025-03-11 13:36:51 +0000[0m - dagster - [34mDEBUG[0m - __ASSET_JOB - 44f2b444-077d-41b6-9798-9675874c9828 - 34380 - dbtlearn_dbt_assets - ASSET_CHECK_EVALUATION - DagsterEventType.ASSET_CHECK_EVALUATION for step dbtlearn_dbt_assets
[32m2025-03-11 13:36:51 +0000[0m - dagster - [34mDEBUG[0m - __ASSET_JOB - 44f2b444-077d-41b6-9798-9675874c9828 - 34380 - dbtlearn_dbt_assets - STEP_OUTPUT - Yielded output "dim_listings_cleansed_relationships_dim_listings_cleansed_host_id__host_id__ref_dim_hosts_cleansed_" of type "Any". (Type check passed).
[32m2025-03-11 13:36:51 +0000[0m - dagster - [34mDEBUG[0m - __ASSET_JOB - 44f2b444-077d-41b6-9798-9675874c9828 - 34380 - dbtlearn_dbt_assets - ASSET_CHECK_EVALUATION - DagsterEventType.ASSET_CHECK_EVALUATION for step dbtlearn_dbt_assets
[32m2025-03-11 13:36:51 +0000[0m - dagster - [34mDEBUG[0m - __ASSET_JOB - 44f2b444-077d-41b6-9798-9675874c9828 - 34380 - dbtlearn_dbt_assets - STEP_OUTPUT - Yielded output "fct_reviews_relationships_fct_reviews_listing_id__listing_id__ref_dim_listings_cleansed_" of type "Any". (Type check passed).
[32m2025-03-11 13:36:52 +0000[0m - dagster - [34mDEBUG[0m - __ASSET_JOB - 44f2b444-077d-41b6-9798-9675874c9828 - 34380 - dbtlearn_dbt_assets - ASSET_CHECK_EVALUATION - DagsterEventType.ASSET_CHECK_EVALUATION for step dbtlearn_dbt_assets
[32m2025-03-11 13:36:52 +0000[0m - dagster - [34mDEBUG[0m - __ASSET_JOB - 44f2b444-077d-41b6-9798-9675874c9828 - 34380 - dbtlearn_dbt_assets - STEP_OUTPUT - Yielded output "dim_listings_cleansed_unique_dim_listings_cleansed_listing_id" of type "Any". (Type check passed).
[32m2025-03-11 13:36:53 +0000[0m - dagster - [34mDEBUG[0m - __ASSET_JOB - 44f2b444-077d-41b6-9798-9675874c9828 - 34380 - dbtlearn_dbt_assets - STEP_OUTPUT - Yielded output "dim_listings_w_hosts" of type "Nothing". (Type check passed).
[32m2025-03-11 13:36:53 +0000[0m - dagster - [34mDEBUG[0m - __ASSET_JOB - 44f2b444-077d-41b6-9798-9675874c9828 - 34380 - dbtlearn_dbt_assets - ASSET_MATERIALIZATION - Materialized value dim_listings_w_hosts.
[32m2025-03-11 13:36:53 +0000[0m - dagster - [34mDEBUG[0m - __ASSET_JOB - 44f2b444-077d-41b6-9798-9675874c9828 - 34380 - dbtlearn_dbt_assets - ASSET_CHECK_EVALUATION - DagsterEventType.ASSET_CHECK_EVALUATION for step dbtlearn_dbt_assets
[32m2025-03-11 13:36:53 +0000[0m - dagster - [34mDEBUG[0m - __ASSET_JOB - 44f2b444-077d-41b6-9798-9675874c9828 - 34380 - dbtlearn_dbt_assets - STEP_OUTPUT - Yielded output "dim_listings_w_hosts_dbt_expectations_expect_column_max_to_be_between_dim_listings_w_hosts_price__8000" of type "Any". (Type check passed).
[32m2025-03-11 13:36:54 +0000[0m - dagster - [34mDEBUG[0m - __ASSET_JOB - 44f2b444-077d-41b6-9798-9675874c9828 - 34380 - dbtlearn_dbt_assets - ASSET_CHECK_EVALUATION - DagsterEventType.ASSET_CHECK_EVALUATION for step dbtlearn_dbt_assets
[32m2025-03-11 13:36:54 +0000[0m - dagster - [34mDEBUG[0m - __ASSET_JOB - 44f2b444-077d-41b6-9798-9675874c9828 - 34380 - dbtlearn_dbt_assets - STEP_OUTPUT - Yielded output "dim_listings_w_hosts_dbt_expectations_expect_column_quantile_values_to_be_between_dim_listings_w_hosts_price__500__50__0_95" of type "Any". (Type check passed).
[32m2025-03-11 13:36:54 +0000[0m - dagster - [34mDEBUG[0m - __ASSET_JOB - 44f2b444-077d-41b6-9798-9675874c9828 - 34380 - dbtlearn_dbt_assets - ASSET_CHECK_EVALUATION - DagsterEventType.ASSET_CHECK_EVALUATION for step dbtlearn_dbt_assets
[32m2025-03-11 13:36:54 +0000[0m - dagster - [34mDEBUG[0m - __ASSET_JOB - 44f2b444-077d-41b6-9798-9675874c9828 - 34380 - dbtlearn_dbt_assets - STEP_OUTPUT - Yielded output "dim_listings_w_hosts_dbt_expectations_expect_column_values_to_be_of_type_dim_listings_w_hosts_price__number" of type "Any". (Type check passed).
[32m2025-03-11 13:36:55 +0000[0m - dagster - [34mDEBUG[0m - __ASSET_JOB - 44f2b444-077d-41b6-9798-9675874c9828 - 34380 - dbtlearn_dbt_assets - ASSET_CHECK_EVALUATION - DagsterEventType.ASSET_CHECK_EVALUATION for step dbtlearn_dbt_assets
[32m2025-03-11 13:36:55 +0000[0m - dagster - [34mDEBUG[0m - __ASSET_JOB - 44f2b444-077d-41b6-9798-9675874c9828 - 34380 - dbtlearn_dbt_assets - STEP_OUTPUT - Yielded output "dim_listings_w_hosts_dbt_expectations_expect_table_column_count_to_equal_other_table_dim_listings_w_hosts_source_airbnb_listings_" of type "Any". (Type check passed).
[32m2025-03-11 13:36:55 +0000[0m - dagster - [34mINFO[0m - __ASSET_JOB - 44f2b444-077d-41b6-9798-9675874c9828 - dbtlearn_dbt_assets - Finished dbt command: `dbt build --select fqn:*`.
INFO:dagster.builtin:__ASSET_JOB - 44f2b444-077d-41b6-9798-9675874c9828 - dbtlearn_dbt_assets - Finished dbt command: `dbt build --select fqn:*`.
[32m2025-03-11 13:36:55 +0000[0m - dagster - [34mERROR[0m - [31m__ASSET_JOB - 44f2b444-077d-41b6-9798-9675874c9828 - 34380 - dbtlearn_dbt_assets - STEP_FAILURE - Execution of step "dbtlearn_dbt_assets" failed.

dagster_dbt.errors.DagsterDbtCliRuntimeError: The dbt CLI process with command

`dbt build --select fqn:*`

failed with exit code `1`. Check the stdout in the Dagster compute logs for the full information about the error, or view the dbt debug log: /workspaces/snow_dbt_airbnb/dbtlearn/target/dbtlearn_dbt_assets-44f2b44-0ae3165/dbt.log.

Errors parsed from dbt logs:

12 of 30 FAIL 1 accepted_values_fct_reviews_review_sentiment__positive__neutral__negative  [[31mFAIL 1[0m in 0.21s]

[31mFailure in test accepted_values_fct_reviews_review_sentiment__positive__neutral__negative (models/schema.yml)[0m

  Got 1 result, configured to fail if != 0

Stack Trace:
  File "/workspaces/snow_dbt_airbnb/myenv/lib/python3.12/site-packages/dagster/_core/execution/plan/execute_plan.py", line 245, in dagster_event_sequence_for_step
    yield from check.generator(step_events)
  File "/workspaces/snow_dbt_airbnb/myenv/lib/python3.12/site-packages/dagster/_core/execution/plan/execute_step.py", line 501, in core_dagster_event_sequence_for_step
    for user_event in _step_output_error_checked_user_event_sequence(
  File "/workspaces/snow_dbt_airbnb/myenv/lib/python3.12/site-packages/dagster/_core/execution/plan/execute_step.py", line 184, in _step_output_error_checked_user_event_sequence
    for user_event in user_event_sequence:
  File "/workspaces/snow_dbt_airbnb/myenv/lib/python3.12/site-packages/dagster/_core/execution/plan/execute_step.py", line 88, in _process_asset_results_to_events
    for user_event in user_event_sequence:
  File "/workspaces/snow_dbt_airbnb/myenv/lib/python3.12/site-packages/dagster/_core/execution/plan/compute.py", line 190, in execute_core_compute
    for step_output in _yield_compute_results(step_context, inputs, compute_fn, compute_context):
  File "/workspaces/snow_dbt_airbnb/myenv/lib/python3.12/site-packages/dagster/_core/execution/plan/compute.py", line 159, in _yield_compute_results
    for event in iterate_with_context(
  File "/workspaces/snow_dbt_airbnb/myenv/lib/python3.12/site-packages/dagster/_utils/__init__.py", line 480, in iterate_with_context
    next_output = next(iterator)
                  ^^^^^^^^^^^^^^
  File "/workspaces/snow_dbt_airbnb/dbt_dagster_project/dbt_dagster_project/assets.py", line 9, in dbtlearn_dbt_assets
    yield from dbt.cli(["build"], context=context).stream()
  File "/workspaces/snow_dbt_airbnb/myenv/lib/python3.12/site-packages/dagster_dbt/core/dbt_event_iterator.py", line 203, in __next__
    return next(self._inner_iterator)
           ^^^^^^^^^^^^^^^^^^^^^^^^^^
  File "/workspaces/snow_dbt_airbnb/myenv/lib/python3.12/site-packages/dagster_dbt/core/dbt_cli_invocation.py", line 275, in _stream_asset_events
    for event in self.stream_raw_events():
  File "/workspaces/snow_dbt_airbnb/myenv/lib/python3.12/site-packages/dagster_dbt/core/dbt_cli_invocation.py", line 368, in stream_raw_events
    self._raise_on_error()
  File "/workspaces/snow_dbt_airbnb/myenv/lib/python3.12/site-packages/dagster_dbt/core/dbt_cli_invocation.py", line 461, in _raise_on_error
    raise error
[0m
