Running with dbt=1.9.2
Registered adapter: snowflake=1.9.1
Found 8 models, 2 snapshots, 1 analysis, 22 data tests, 1 seed, 3 sources, 1 exposure, 859 macros

Concurrency: 1 threads (target='dev')

1 of 30 START seed file DEV.seed_full_moon_dates ............................... [RUN]
1 of 30 OK loaded seed file DEV.seed_full_moon_dates ........................... [[32mINSERT 272[0m in 3.26s]
2 of 30 START snapshot dev.scd_raw_hosts ....................................... [RUN]
2 of 30 OK snapshotted dev.scd_raw_hosts ....................................... [[32mSUCCESS 0[0m in 5.49s]
3 of 30 START test dbt_expectations_source_expect_column_distinct_count_to_equal_airbnb_listings_room_type__4  [RUN]
3 of 30 PASS dbt_expectations_source_expect_column_distinct_count_to_equal_airbnb_listings_room_type__4  [[32mPASS[0m in 0.39s]
4 of 30 START test dbt_expectations_source_expect_column_values_to_match_regex_airbnb_listings_price___0_9_  [RUN]
4 of 30 PASS dbt_expectations_source_expect_column_values_to_match_regex_airbnb_listings_price___0_9_  [[32mPASS[0m in 0.30s]
5 of 30 START sql view model DEV.dim_hosts_cleansed ............................ [RUN]
5 of 30 OK created sql view model DEV.dim_hosts_cleansed ....................... [[32mSUCCESS 1[0m in 0.95s]
6 of 30 START sql incremental model DEV.fct_reviews ............................ [RUN]
Loading AIRBNB.DEV.fct_reviews incrementally (all missing dates)
6 of 30 OK created sql incremental model DEV.fct_reviews ....................... [[32mSUCCESS 0[0m in 3.01s]
7 of 30 START snapshot dev.scd_raw_listings .................................... [RUN]
7 of 30 OK snapshotted dev.scd_raw_listings .................................... [[32mSUCCESS 0[0m in 4.95s]
8 of 30 START test accepted_values_dim_hosts_cleansed_is_superhost__t__f ....... [RUN]
8 of 30 PASS accepted_values_dim_hosts_cleansed_is_superhost__t__f ............. [[32mPASS[0m in 0.66s]
9 of 30 START test not_null_dim_hosts_cleansed_host_id ......................... [RUN]
9 of 30 PASS not_null_dim_hosts_cleansed_host_id ............................... [[32mPASS[0m in 0.57s]
10 of 30 START test not_null_dim_hosts_cleansed_host_name ...................... [RUN]
10 of 30 PASS not_null_dim_hosts_cleansed_host_name ............................ [[32mPASS[0m in 0.30s]
11 of 30 START test unique_dim_hosts_cleansed_host_id .......................... [RUN]
11 of 30 PASS unique_dim_hosts_cleansed_host_id ................................ [[32mPASS[0m in 0.63s]
12 of 30 START test accepted_values_fct_reviews_review_sentiment__positive__neutral__negative  [RUN]
12 of 30 FAIL 1 accepted_values_fct_reviews_review_sentiment__positive__neutral__negative  [[31mFAIL 1[0m in 0.50s]
13 of 30 START test not_null_fct_reviews_reviewer_name ......................... [RUN]
13 of 30 PASS not_null_fct_reviews_reviewer_name ............................... [[32mPASS[0m in 0.26s]
14 of 30 START sql view model DEV.dim_listings_cleansed ........................ [RUN]
14 of 30 OK created sql view model DEV.dim_listings_cleansed ................... [[32mSUCCESS 1[0m in 0.78s]
15 of 30 SKIP relation DEV.mart_fullmoon_reviews ............................... [[33mSKIP[0m]
16 of 30 START test accepted_values_dim_listings_cleansed_room_type__Entire_home_apt__Private_room__Shared_room__Hotel_room  [RUN]
16 of 30 PASS accepted_values_dim_listings_cleansed_room_type__Entire_home_apt__Private_room__Shared_room__Hotel_room  [[32mPASS[0m in 0.41s]
17 of 30 START test consistent_created_at ...................................... [RUN]
17 of 30 PASS consistent_created_at ............................................ [[32mPASS[0m in 0.49s]
18 of 30 START test dim_listings_minimum_nights ................................ [RUN]
18 of 30 PASS dim_listings_minimum_nights ...................................... [[32mPASS[0m in 0.31s]
19 of 30 START test no_nulls_dim_listings ...................................... [RUN]
19 of 30 PASS no_nulls_dim_listings ............................................ [[32mPASS[0m in 0.77s]
20 of 30 START test not_null_dim_listings_cleansed_host_id ..................... [RUN]
20 of 30 PASS not_null_dim_listings_cleansed_host_id ........................... [[32mPASS[0m in 0.33s]
21 of 30 START test not_null_dim_listings_cleansed_listing_id .................. [RUN]
21 of 30 PASS not_null_dim_listings_cleansed_listing_id ........................ [[32mPASS[0m in 0.29s]
22 of 30 START test positive_value_dim_listings_cleansed_minimum_nights ........ [RUN]
22 of 30 PASS positive_value_dim_listings_cleansed_minimum_nights .............. [[32mPASS[0m in 0.45s]
23 of 30 START test relationships_dim_listings_cleansed_host_id__host_id__ref_dim_hosts_cleansed_  [RUN]
23 of 30 PASS relationships_dim_listings_cleansed_host_id__host_id__ref_dim_hosts_cleansed_  [[32mPASS[0m in 0.34s]
24 of 30 START test relationships_fct_reviews_listing_id__listing_id__ref_dim_listings_cleansed_  [RUN]
24 of 30 PASS relationships_fct_reviews_listing_id__listing_id__ref_dim_listings_cleansed_  [[32mPASS[0m in 0.59s]
25 of 30 START test unique_dim_listings_cleansed_listing_id .................... [RUN]
25 of 30 PASS unique_dim_listings_cleansed_listing_id .......................... [[32mPASS[0m in 0.27s]
26 of 30 START sql table model DEV.dim_listings_w_hosts ........................ [RUN]
26 of 30 OK created sql table model DEV.dim_listings_w_hosts ................... [[32mSUCCESS 1[0m in 1.52s]
27 of 30 START test dbt_expectations_expect_column_max_to_be_between_dim_listings_w_hosts_price__8000  [RUN]
27 of 30 PASS dbt_expectations_expect_column_max_to_be_between_dim_listings_w_hosts_price__8000  [[32mPASS[0m in 0.29s]
28 of 30 START test dbt_expectations_expect_column_quantile_values_to_be_between_dim_listings_w_hosts_price__500__50__0_95  [RUN]
28 of 30 PASS dbt_expectations_expect_column_quantile_values_to_be_between_dim_listings_w_hosts_price__500__50__0_95  [[32mPASS[0m in 0.36s]
29 of 30 START test dbt_expectations_expect_column_values_to_be_of_type_dim_listings_w_hosts_price__number  [RUN]
29 of 30 PASS dbt_expectations_expect_column_values_to_be_of_type_dim_listings_w_hosts_price__number  [[32mPASS[0m in 0.57s]
30 of 30 START test dbt_expectations_expect_table_column_count_to_equal_other_table_dim_listings_w_hosts_source_airbnb_listings_  [RUN]
30 of 30 PASS dbt_expectations_expect_table_column_count_to_equal_other_table_dim_listings_w_hosts_source_airbnb_listings_  [[32mPASS[0m in 0.69s]

Finished running 1 incremental model, 1 seed, 2 snapshots, 2 table models, 22 data tests, 2 view models in 0 hours 0 minutes and 32.46 seconds (32.46s).

[31mCompleted with 1 error, 0 partial successes, and 0 warnings:[0m

[31mFailure in test accepted_values_fct_reviews_review_sentiment__positive__neutral__negative (models/schema.yml)[0m
  Got 1 result, configured to fail if != 0

  compiled code at target/dbtlearn_dbt_assets-583f247-01437b1/compiled/dbtlearn/models/schema.yml/accepted_values_fct_reviews_beb36f129a533890a78cc01ac370ef78.sql

Done. PASS=28 WARN=0 ERROR=1 SKIP=1 TOTAL=30
