[0m23:00:24.707242 [debug] [MainThread]: Sending event: {'category': 'dbt', 'action': 'invocation', 'label': 'start', 'context': [<snowplow_tracker.self_describing_json.SelfDescribingJson object at 0x70e7cb38b050>, <snowplow_tracker.self_describing_json.SelfDescribingJson object at 0x70e7ca17bb30>, <snowplow_tracker.self_describing_json.SelfDescribingJson object at 0x70e7c9adefc0>]}


============================== 23:00:24.710276 | 55e180d6-857b-4f13-bd74-c2be190d324b ==============================
[0m23:00:24.710276 [info ] [MainThread]: Running with dbt=1.9.2
[0m23:00:24.711070 [debug] [MainThread]: running dbt with arguments {'printer_width': '80', 'indirect_selection': 'eager', 'log_cache_events': 'False', 'write_json': 'True', 'partial_parse': 'True', 'cache_selected_only': 'False', 'profiles_dir': '/home/codespace/.dbt', 'debug': 'False', 'fail_fast': 'False', 'log_path': 'logs', 'warn_error': 'None', 'version_check': 'True', 'use_colors': 'True', 'use_experimental_parser': 'False', 'no_print': 'None', 'quiet': 'False', 'empty': 'None', 'warn_error_options': 'WarnErrorOptions(include=[], exclude=[])', 'static_parser': 'True', 'introspect': 'True', 'invocation_command': 'dbt init dbtlearn', 'target_path': 'None', 'log_format': 'default', 'send_anonymous_usage_stats': 'True'}
[0m23:00:24.718881 [debug] [MainThread]: Starter project path: /workspaces/snow_dbt_airbnb/myenv/lib/python3.12/site-packages/dbt/include/starter_project
[0m23:00:24.721890 [info ] [MainThread]: 
Your new dbt project "dbtlearn" was created!

For more information on how to configure the profiles.yml file,
please consult the dbt documentation here:

  https://docs.getdbt.com/docs/configure-your-profile

One more thing:

Need help? Don't hesitate to reach out to us via GitHub issues or on Slack:

  https://community.getdbt.com/

Happy modeling!

[0m23:00:24.722441 [info ] [MainThread]: Setting up your profile.
[0m23:12:19.118918 [info ] [MainThread]: Profile dbtlearn written to /home/codespace/.dbt/profiles.yml using target's profile_template.yml and your supplied values. Run 'dbt debug' to validate the connection.
[0m23:12:19.122403 [debug] [MainThread]: Resource report: {"command_name": "init", "command_success": true, "command_wall_clock_time": 714.49146, "process_in_blocks": "280", "process_kernel_time": 0.083509, "process_mem_max_rss": "105800", "process_out_blocks": "80", "process_user_time": 1.295384}
[0m23:12:19.124099 [debug] [MainThread]: Command `dbt init` succeeded at 23:12:19.123943 after 714.49 seconds
[0m23:12:19.124952 [debug] [MainThread]: Sending event: {'category': 'dbt', 'action': 'invocation', 'label': 'end', 'context': [<snowplow_tracker.self_describing_json.SelfDescribingJson object at 0x70e7c99e1a30>, <snowplow_tracker.self_describing_json.SelfDescribingJson object at 0x70e7c8311dc0>, <snowplow_tracker.self_describing_json.SelfDescribingJson object at 0x70e7cb38b050>]}
[0m23:12:19.125849 [debug] [MainThread]: Flushing usage events
[0m23:12:19.489577 [debug] [MainThread]: An error was encountered while trying to flush usage events
